<?xml version="1.0" encoding="UTF-8"?>
<!-- Generated by org.testng.reporters.JUnitXMLReporter -->
<testsuite hostname="L01009362.local" ignored="0" name="Capture Screenshot Test" tests="1" failures="1" timestamp="20 Feb 2018 17:21:14 GMT" time="11.395" errors="0">
  <testcase name="captureScreenshotAfterFailTest" time="9.415" classname="com.bjss.testcases.functional.CaptureScreenshotAfterFailTest">
    <failure type="java.lang.AssertionError" message="The String : Spurs is meant to differ from: POPULAR to cause an intentional fail so a screenshot can be taken! expected [Spurs] but found [POPULAR]">
      <![CDATA[java.lang.AssertionError: The String : Spurs is meant to differ from: POPULAR to cause an intentional fail so a screenshot can be taken! expected [Spurs] but found [POPULAR]
	at com.bjss.testcases.functional.CaptureScreenshotAfterFailTest.captureScreenshotAfterFailTest(CaptureScreenshotAfterFailTest.java:38)
... Removed 30 stack frames]]>
    </failure>
  </testcase> <!-- captureScreenshotAfterFailTest -->
</testsuite> <!-- Capture Screenshot Test -->
