<?xml version="1.0" encoding="UTF-8"?>
<!-- Generated by org.testng.reporters.JUnitXMLReporter -->
<testsuite hostname="L01009362.local" ignored="0" name="Purchase Item Test" tests="2" failures="0" timestamp="20 Feb 2018 17:06:30 GMT" time="48.892" errors="0">
  <testcase name="ReviewOrderAddCommentTest" time="8.541" classname="com.bjss.testcases.functional.PurchaseItemTest"/>
  <testcase name="purchaseItemTest" time="39.958" classname="com.bjss.testcases.functional.PurchaseItemTest"/>
</testsuite> <!-- Purchase Item Test -->
