<?xml version="1.0" encoding="UTF-8"?>
<!-- Generated by org.testng.reporters.JUnitXMLReporter -->
<testsuite hostname="l01009362.mynet" ignored="0" name="API Test" tests="3" failures="0" timestamp="19 Feb 2018 03:29:59 GMT" time="3.251" errors="0">
  <testcase name="Test_01" time="1.797" classname="com.bjss.testcases.api.APITest"/>
  <testcase name="Test_02" time="0.521" classname="com.bjss.testcases.api.APITest"/>
  <testcase name="Test_03" time="0.661" classname="com.bjss.testcases.api.APITest"/>
</testsuite> <!-- API Test -->
